<?xml version="1.0" encoding="UTF-8"?>
<!-- Generated by org.testng.reporters.JUnitReportReporter -->
<testsuite skipped="0" hostname="Kausers-MacBook-Air.local" name="com.careerhack.runners.TestRunner" tests="2" failures="0" timestamp="04 Nov 2021 00:06:54 GMT" time="18.778" errors="0">
  <testcase name="runScenario" time="9.963" classname="com.careerhack.runners.TestRunner"/>
  <testcase name="runScenario" time="8.815" classname="com.careerhack.runners.TestRunner"/>
</testsuite> <!-- com.careerhack.runners.TestRunner -->
