<?xml version="1.0" encoding="UTF-8"?>
<!-- Generated by org.testng.reporters.JUnitReportReporter -->
<testsuite skipped="0" hostname="Kausers-MacBook-Air.local" name="com.careerhack.runners.TestRunner" tests="2" failures="0" timestamp="31 Oct 2021 15:25:44 GMT" time="0.283" errors="0">
  <testcase name="runScenario" time="0.006" classname="com.careerhack.runners.TestRunner"/>
  <testcase name="runScenario" time="0.277" classname="com.careerhack.runners.TestRunner"/>
</testsuite> <!-- com.careerhack.runners.TestRunner -->
